2024-09-09 22:48:59,730 - instabot version: 0.117.0 (bot) - INFO - Instabot version: 0.117.0 Started
2024-09-09 22:48:59,731 - instabot version: 0.117.0 (bot) - DEBUG - Bot imported from C:\Users\micra\PycharmProjects\pakistanVistasBot\venv\Lib\site-packages\instabot\bot\bot.py
2024-09-09 22:48:59,731 - instabot version: 0.117.0 (api_login) - DEBUG - Loading cookies
2024-09-09 22:48:59,731 - instabot version: 0.117.0 (api_login) - DEBUG - Loading uuids
2024-09-09 22:48:59,731 - instabot version: 0.117.0 (api_login) - INFO - Recovery from C:\Users\micra\PycharmProjects\pakistanVistasBot/config/pakistanvistas_uuid_and_cookie.json: COOKIE True - UUIDs True - TIMING, DEVICE and ...
- user-agent=Instagram 117.0.0.28.123 Android (28/9.0; 420dpi; 1080x1920; OnePlus; ONEPLUS A3003; OnePlus3; qcom; en_US; 180322800)
- phone_id=7a5fa84d-07f5-4737-9f06-177927170984
- uuid=45eaacbe-5401-49b6-b03d-79c0fb3bea55
- client_session_id=8b288252-997a-439b-aefe-bc5d8de86743
- device_id=android-652ebe25a70b032e
2024-09-09 22:48:59,734 - instabot version: 0.117.0 (api_login) - INFO - LOGIN FLOW! Just logged-in: False
2024-09-09 22:49:01,969 - instabot version: 0.117.0 (api) - DEBUG - POST to endpoint: feed/timeline/ returned response: <Response [200]>
2024-09-09 22:49:02,372 - instabot version: 0.117.0 (api) - DEBUG - POST to endpoint: feed/reels_tray/ returned response: <Response [200]>
2024-09-09 22:49:02,373 - instabot version: 0.117.0 (api) - INFO - Logged-in successfully as 'pakistanvistas'!
2024-09-09 22:49:02,373 - instabot version: 0.117.0 (bot_checkpoint) - DEBUG - Loading Checkpoint file from: C:\Users\micra\PycharmProjects\pakistanVistasBot/config/pakistanvistas.checkpoint
2024-09-09 22:49:29,429 - instabot version: 0.117.0 (api) - DEBUG - POST to endpoint: media/configure/? returned response: <Response [200]>
2024-09-09 22:49:29,574 - instabot version: 0.117.0 (api) - DEBUG - POST to endpoint: qe/expose/ returned response: <Response [200]>
2024-09-09 22:49:29,576 - instabot version: 0.117.0 (bot_photo) - INFO - Photo 'images\27468879.jpg' is uploaded.
2024-09-09 22:52:13,663 - instabot version: 0.117.0 (bot_checkpoint) - DEBUG - Saving Checkpoint file to: C:\Users\micra\PycharmProjects\pakistanVistasBot/config/pakistanvistas.checkpoint
2024-09-09 22:52:13,664 - instabot version: 0.117.0 (bot) - INFO - Total requests: 41
